::1 - - [30/Oct/2025 23:41:49] code 404, message File not found
::1 - - [30/Oct/2025 23:41:49] "GET /api/kpi HTTP/1.1" 404 -
::1 - - [30/Oct/2025 23:41:49] code 404, message File not found
::1 - - [30/Oct/2025 23:41:49] "GET /api/agg/speed_vs_vehicle_scatter HTTP/1.1" 404 -
::1 - - [30/Oct/2025 23:41:49] code 404, message File not found
::1 - - [30/Oct/2025 23:41:49] "GET /api/agg/speed_percentiles_daily HTTP/1.1" 404 -
::1 - - [30/Oct/2025 23:41:49] code 404, message File not found
::1 - - [30/Oct/2025 23:41:49] "GET /api/agg/throughput_total HTTP/1.1" 404 -
::1 - - [30/Oct/2025 23:41:49] code 404, message File not found
::1 - - [30/Oct/2025 23:41:49] "GET /api/agg/speed_histogram?bin_width=4 HTTP/1.1" 404 -
::1 - - [30/Oct/2025 23:41:49] code 404, message File not found
::1 - - [30/Oct/2025 23:41:49] "GET /api/series/peak_speed_trend HTTP/1.1" 404 -
::1 - - [30/Oct/2025 23:41:49] code 404, message File not found
::1 - - [30/Oct/2025 23:41:49] "GET /api/agg/pipeline_latency HTTP/1.1" 404 -
::1 - - [30/Oct/2025 23:41:49] code 404, message File not found
::1 - - [30/Oct/2025 23:41:49] "GET /api/agg/pmgid_volume HTTP/1.1" 404 -
::1 - - [30/Oct/2025 23:41:53] "GET / HTTP/1.1" 304 -
::1 - - [30/Oct/2025 23:41:53] code 404, message File not found
::1 - - [30/Oct/2025 23:41:53] "GET /api/kpi HTTP/1.1" 404 -
::1 - - [30/Oct/2025 23:41:53] code 404, message File not found
::1 - - [30/Oct/2025 23:41:53] code 404, message File not found
::1 - - [30/Oct/2025 23:41:53] code 404, message File not found
::1 - - [30/Oct/2025 23:41:53] code 404, message File not found
::1 - - [30/Oct/2025 23:41:53] code 404, message File not found
::1 - - [30/Oct/2025 23:41:53] "GET /api/agg/throughput_total HTTP/1.1" 404 -
::1 - - [30/Oct/2025 23:41:53] "GET /api/series/peak_speed_trend HTTP/1.1" 404 -
::1 - - [30/Oct/2025 23:41:53] "GET /api/agg/pmgid_volume HTTP/1.1" 404 -
::1 - - [30/Oct/2025 23:41:53] "GET /api/agg/speed_histogram?bin_width=4 HTTP/1.1" 404 -
::1 - - [30/Oct/2025 23:41:53] code 404, message File not found
::1 - - [30/Oct/2025 23:41:53] "GET /api/agg/pipeline_latency HTTP/1.1" 404 -
::1 - - [30/Oct/2025 23:41:53] "GET /api/agg/speed_vs_vehicle_scatter HTTP/1.1" 404 -
::1 - - [30/Oct/2025 23:41:53] code 404, message File not found
::1 - - [30/Oct/2025 23:41:53] "GET /api/agg/speed_percentiles_daily HTTP/1.1" 404 -
::1 - - [30/Oct/2025 23:42:09] "GET / HTTP/1.1" 304 -
::1 - - [30/Oct/2025 23:42:10] code 404, message File not found
::1 - - [30/Oct/2025 23:42:10] "GET /api/kpi HTTP/1.1" 404 -
::1 - - [30/Oct/2025 23:42:10] code 404, message File not found
::1 - - [30/Oct/2025 23:42:10] code 404, message File not found
::1 - - [30/Oct/2025 23:42:10] "GET /api/agg/throughput_total HTTP/1.1" 404 -
::1 - - [30/Oct/2025 23:42:10] "GET /api/series/peak_speed_trend HTTP/1.1" 404 -
::1 - - [30/Oct/2025 23:42:10] code 404, message File not found
::1 - - [30/Oct/2025 23:42:10] code 404, message File not found
::1 - - [30/Oct/2025 23:42:10] "GET /api/agg/pipeline_latency HTTP/1.1" 404 -
::1 - - [30/Oct/2025 23:42:10] "GET /api/agg/speed_histogram?bin_width=4 HTTP/1.1" 404 -
::1 - - [30/Oct/2025 23:42:10] code 404, message File not found
::1 - - [30/Oct/2025 23:42:10] "GET /api/agg/pmgid_volume HTTP/1.1" 404 -
::1 - - [30/Oct/2025 23:42:10] code 404, message File not found
::1 - - [30/Oct/2025 23:42:10] "GET /api/agg/speed_vs_vehicle_scatter HTTP/1.1" 404 -
::1 - - [30/Oct/2025 23:42:10] code 404, message File not found
::1 - - [30/Oct/2025 23:42:10] "GET /api/agg/speed_percentiles_daily HTTP/1.1" 404 -
::1 - - [30/Oct/2025 23:42:31] "GET / HTTP/1.1" 304 -
::1 - - [30/Oct/2025 23:42:31] code 404, message File not found
::1 - - [30/Oct/2025 23:42:31] code 404, message File not found
::1 - - [30/Oct/2025 23:42:31] "GET /api/kpi HTTP/1.1" 404 -
::1 - - [30/Oct/2025 23:42:31] "GET /api/series/peak_speed_trend HTTP/1.1" 404 -
::1 - - [30/Oct/2025 23:42:31] code 404, message File not found
::1 - - [30/Oct/2025 23:42:31] "GET /api/agg/throughput_total HTTP/1.1" 404 -
::1 - - [30/Oct/2025 23:42:31] code 404, message File not found
::1 - - [30/Oct/2025 23:42:31] code 404, message File not found
::1 - - [30/Oct/2025 23:42:31] "GET /api/agg/pipeline_latency HTTP/1.1" 404 -
::1 - - [30/Oct/2025 23:42:31] "GET /api/agg/speed_histogram?bin_width=4 HTTP/1.1" 404 -
::1 - - [30/Oct/2025 23:42:31] code 404, message File not found
::1 - - [30/Oct/2025 23:42:31] "GET /api/agg/pmgid_volume HTTP/1.1" 404 -
::1 - - [30/Oct/2025 23:42:31] code 404, message File not found
::1 - - [30/Oct/2025 23:42:31] code 404, message File not found
::1 - - [30/Oct/2025 23:42:31] "GET /api/agg/speed_percentiles_daily HTTP/1.1" 404 -
::1 - - [30/Oct/2025 23:42:31] "GET /api/agg/speed_vs_vehicle_scatter HTTP/1.1" 404 -
::1 - - [30/Oct/2025 23:42:33] "GET / HTTP/1.1" 304 -
::1 - - [30/Oct/2025 23:42:33] code 404, message File not found
::1 - - [30/Oct/2025 23:42:33] "GET /api/kpi HTTP/1.1" 404 -
::1 - - [30/Oct/2025 23:42:33] code 404, message File not found
::1 - - [30/Oct/2025 23:42:33] "GET /api/agg/throughput_total HTTP/1.1" 404 -
::1 - - [30/Oct/2025 23:42:33] code 404, message File not found
::1 - - [30/Oct/2025 23:42:33] code 404, message File not found
::1 - - [30/Oct/2025 23:42:33] code 404, message File not found
::1 - - [30/Oct/2025 23:42:33] "GET /api/agg/speed_histogram?bin_width=4 HTTP/1.1" 404 -
::1 - - [30/Oct/2025 23:42:33] "GET /api/series/peak_speed_trend HTTP/1.1" 404 -
::1 - - [30/Oct/2025 23:42:33] code 404, message File not found
::1 - - [30/Oct/2025 23:42:33] "GET /api/agg/pmgid_volume HTTP/1.1" 404 -
::1 - - [30/Oct/2025 23:42:33] "GET /api/agg/pipeline_latency HTTP/1.1" 404 -
::1 - - [30/Oct/2025 23:42:33] code 404, message File not found
::1 - - [30/Oct/2025 23:42:33] "GET /api/agg/speed_vs_vehicle_scatter HTTP/1.1" 404 -
::1 - - [30/Oct/2025 23:42:33] code 404, message File not found
::1 - - [30/Oct/2025 23:42:33] "GET /api/agg/speed_percentiles_daily HTTP/1.1" 404 -
::ffff:192.168.1.183 - - [30/Oct/2025 23:46:21] "GET / HTTP/1.1" 200 -
::1 - - [30/Oct/2025 23:46:36] code 404, message File not found
::1 - - [30/Oct/2025 23:46:36] code 404, message File not found
::1 - - [30/Oct/2025 23:46:36] "GET /api/kpi HTTP/1.1" 404 -
::1 - - [30/Oct/2025 23:46:36] "GET /api/series/peak_speed_trend HTTP/1.1" 404 -
::1 - - [30/Oct/2025 23:46:36] code 404, message File not found
::1 - - [30/Oct/2025 23:46:36] "GET /api/agg/throughput_total HTTP/1.1" 404 -
::1 - - [30/Oct/2025 23:46:36] code 404, message File not found
::1 - - [30/Oct/2025 23:46:36] code 404, message File not found
::1 - - [30/Oct/2025 23:46:36] "GET /api/agg/speed_histogram?bin_width=4 HTTP/1.1" 404 -
::1 - - [30/Oct/2025 23:46:36] code 404, message File not found
::1 - - [30/Oct/2025 23:46:36] "GET /api/agg/pmgid_volume HTTP/1.1" 404 -
::1 - - [30/Oct/2025 23:46:36] "GET /api/agg/pipeline_latency HTTP/1.1" 404 -
::1 - - [30/Oct/2025 23:46:36] code 404, message File not found
::1 - - [30/Oct/2025 23:46:36] "GET /api/agg/speed_vs_vehicle_scatter HTTP/1.1" 404 -
::1 - - [30/Oct/2025 23:46:36] code 404, message File not found
::1 - - [30/Oct/2025 23:46:36] "GET /api/agg/speed_percentiles_daily HTTP/1.1" 404 -
::1 - - [30/Oct/2025 23:46:38] code 404, message File not found
::1 - - [30/Oct/2025 23:46:38] code 404, message File not found
::1 - - [30/Oct/2025 23:46:38] "GET /api/kpi HTTP/1.1" 404 -
::1 - - [30/Oct/2025 23:46:38] "GET /api/series/peak_speed_trend HTTP/1.1" 404 -
::1 - - [30/Oct/2025 23:46:38] code 404, message File not found
::1 - - [30/Oct/2025 23:46:38] "GET /api/agg/throughput_total HTTP/1.1" 404 -
::1 - - [30/Oct/2025 23:46:38] code 404, message File not found
::1 - - [30/Oct/2025 23:46:38] "GET /api/agg/pipeline_latency HTTP/1.1" 404 -
::1 - - [30/Oct/2025 23:46:38] code 404, message File not found
::1 - - [30/Oct/2025 23:46:38] "GET /api/agg/speed_histogram?bin_width=4 HTTP/1.1" 404 -
::1 - - [30/Oct/2025 23:46:38] code 404, message File not found
::1 - - [30/Oct/2025 23:46:38] "GET /api/agg/pmgid_volume HTTP/1.1" 404 -
::1 - - [30/Oct/2025 23:46:38] code 404, message File not found
::1 - - [30/Oct/2025 23:46:38] code 404, message File not found
::1 - - [30/Oct/2025 23:46:38] "GET /api/agg/speed_percentiles_daily HTTP/1.1" 404 -
::1 - - [30/Oct/2025 23:46:38] "GET /api/agg/speed_vs_vehicle_scatter HTTP/1.1" 404 -
::ffff:192.168.1.183 - - [30/Oct/2025 23:46:42] code 404, message File not found
::ffff:192.168.1.183 - - [30/Oct/2025 23:46:42] "GET /HNAP1/ HTTP/1.1" 404 -
::ffff:192.168.1.183 - - [30/Oct/2025 23:46:44] "GET / HTTP/1.1" 200 -
::ffff:192.168.1.183 - - [30/Oct/2025 23:46:44] code 404, message File not found
::ffff:192.168.1.183 - - [30/Oct/2025 23:46:44] "GET /loginMsg.js HTTP/1.1" 404 -
::ffff:192.168.1.183 - - [30/Oct/2025 23:46:44] code 404, message File not found
::ffff:192.168.1.183 - - [30/Oct/2025 23:46:44] "GET /cgi/get.cgi?cmd=home_login HTTP/1.1" 404 -
::ffff:192.168.1.183 - - [30/Oct/2025 23:46:44] code 501, message Unsupported method ('POST')
::ffff:192.168.1.183 - - [30/Oct/2025 23:46:44] "POST /boaform/formTracert HTTP/1.1" 501 -
